{"C:\\Users\\willi\\Documents\\dev\\sandbox\\backend-js\\contact2\\app.ts": {"path":"C:\\Users\\willi\\Documents\\dev\\sandbox\\backend-js\\contact2\\app.ts","statementMap":{"0":{"start":{"line":1,"column":0},"end":{"line":1,"column":66}},"1":{"start":{"line":2,"column":0},"end":{"line":2,"column":51}},"2":{"start":{"line":4,"column":25},"end":{"line":4,"column":34}},"3":{"start":{"line":15,"column":8},"end":{"line":15,"column":11}},"4":{"start":{"line":6,"column":0},"end":{"line":6,"column":24}},"5":{"start":{"line":7,"column":0},"end":{"line":7,"column":30}},"6":{"start":{"line":9,"column":0},"end":{"line":9,"column":35}},"7":{"start":{"line":11,"column":0},"end":{"line":13,"column":3}},"8":{"start":{"line":11,"column":51},"end":{"line":13,"column":2}},"9":{"start":{"line":12,"column":2},"end":{"line":12,"column":107}}},"fnMap":{"0":{"name":"(anonymous_8)","decl":{"start":{"line":11,"column":13},"end":{"line":11,"column":20}},"loc":{"start":{"line":11,"column":51},"end":{"line":13,"column":2}}},"1":{"name":"(anonymous_9)","decl":{"start":{"line":11,"column":51},"end":{"line":11,"column":null}},"loc":{"start":{"line":11,"column":51},"end":{"line":13,"column":1}}}},"branchMap":{},"s":{"0":1,"1":1,"2":1,"3":1,"4":1,"5":1,"6":1,"7":1,"8":2,"9":2},"f":{"0":2,"1":2},"b":{}}
,"C:\\Users\\willi\\Documents\\dev\\sandbox\\backend-js\\contact2\\server.ts": {"path":"C:\\Users\\willi\\Documents\\dev\\sandbox\\backend-js\\contact2\\server.ts","statementMap":{"0":{"start":{"line":1,"column":0},"end":{"line":1,"column":28}},"1":{"start":{"line":3,"column":19},"end":{"line":3,"column":35}},"2":{"start":{"line":4,"column":0},"end":{"line":6,"column":null}},"3":{"start":{"line":5,"column":2},"end":{"line":5,"column":62}},"4":{"start":{"line":7,"column":13},"end":{"line":7,"column":33}},"5":{"start":{"line":8,"column":0},"end":{"line":10,"column":null}},"6":{"start":{"line":9,"column":2},"end":{"line":9,"column":49}},"7":{"start":{"line":12,"column":15},"end":{"line":14,"column":2}},"8":{"start":{"line":13,"column":2},"end":{"line":13,"column":43}},"9":{"start":{"line":16,"column":9},"end":{"line":16,"column":15}}},"fnMap":{"0":{"name":"(anonymous_0)","decl":{"start":{"line":12,"column":32},"end":{"line":12,"column":35}},"loc":{"start":{"line":12,"column":37},"end":{"line":14,"column":1}}}},"branchMap":{"0":{"loc":{"start":{"line":4,"column":0},"end":{"line":6,"column":null}},"type":"if","locations":[{"start":{"line":4,"column":0},"end":{"line":6,"column":null}}]},"1":{"loc":{"start":{"line":8,"column":0},"end":{"line":10,"column":null}},"type":"if","locations":[{"start":{"line":8,"column":0},"end":{"line":10,"column":null}}]}},"s":{"0":1,"1":1,"2":1,"3":0,"4":1,"5":1,"6":0,"7":1,"8":1,"9":1},"f":{"0":1},"b":{"0":[0],"1":[0]}}
,"C:\\Users\\willi\\Documents\\dev\\sandbox\\backend-js\\contact2\\middlewares\\contactsMiddlewares.ts": {"path":"C:\\Users\\willi\\Documents\\dev\\sandbox\\backend-js\\contact2\\middlewares\\contactsMiddlewares.ts","statementMap":{"0":{"start":{"line":3,"column":31},"end":{"line":12,"column":1}},"1":{"start":{"line":4,"column":13},"end":{"line":4,"column":26}},"2":{"start":{"line":5,"column":2},"end":{"line":7,"column":null}},"3":{"start":{"line":6,"column":4},"end":{"line":6,"column":60}},"4":{"start":{"line":8,"column":2},"end":{"line":10,"column":null}},"5":{"start":{"line":9,"column":4},"end":{"line":9,"column":65}},"6":{"start":{"line":11,"column":2},"end":{"line":11,"column":9}},"7":{"start":{"line":3,"column":13},"end":{"line":3,"column":31}},"8":{"start":{"line":14,"column":28},"end":{"line":36,"column":1}},"9":{"start":{"line":16,"column":2},"end":{"line":18,"column":null}},"10":{"start":{"line":17,"column":4},"end":{"line":17,"column":64}},"11":{"start":{"line":20,"column":43},"end":{"line":20,"column":51}},"12":{"start":{"line":21,"column":2},"end":{"line":23,"column":null}},"13":{"start":{"line":22,"column":4},"end":{"line":22,"column":75}},"14":{"start":{"line":25,"column":2},"end":{"line":27,"column":null}},"15":{"start":{"line":26,"column":4},"end":{"line":26,"column":61}},"16":{"start":{"line":29,"column":2},"end":{"line":31,"column":null}},"17":{"start":{"line":30,"column":4},"end":{"line":30,"column":53}},"18":{"start":{"line":32,"column":2},"end":{"line":34,"column":null}},"19":{"start":{"line":33,"column":4},"end":{"line":33,"column":52}},"20":{"start":{"line":35,"column":2},"end":{"line":35,"column":9}},"21":{"start":{"line":14,"column":13},"end":{"line":14,"column":28}}},"fnMap":{"0":{"name":"(anonymous_0)","decl":{"start":{"line":3,"column":31},"end":{"line":3,"column":32}},"loc":{"start":{"line":3,"column":83},"end":{"line":12,"column":1}}},"1":{"name":"(anonymous_1)","decl":{"start":{"line":14,"column":28},"end":{"line":14,"column":29}},"loc":{"start":{"line":14,"column":80},"end":{"line":36,"column":1}}}},"branchMap":{"0":{"loc":{"start":{"line":5,"column":2},"end":{"line":7,"column":null}},"type":"if","locations":[{"start":{"line":5,"column":2},"end":{"line":7,"column":null}}]},"1":{"loc":{"start":{"line":8,"column":2},"end":{"line":10,"column":null}},"type":"if","locations":[{"start":{"line":8,"column":2},"end":{"line":10,"column":null}}]},"2":{"loc":{"start":{"line":16,"column":2},"end":{"line":18,"column":null}},"type":"if","locations":[{"start":{"line":16,"column":2},"end":{"line":18,"column":null}}]},"3":{"loc":{"start":{"line":21,"column":2},"end":{"line":23,"column":null}},"type":"if","locations":[{"start":{"line":21,"column":2},"end":{"line":23,"column":null}}]},"4":{"loc":{"start":{"line":21,"column":6},"end":{"line":21,"column":41}},"type":"binary-expr","locations":[{"start":{"line":21,"column":6},"end":{"line":21,"column":16}},{"start":{"line":21,"column":20},"end":{"line":21,"column":29}},{"start":{"line":21,"column":33},"end":{"line":21,"column":41}}]},"5":{"loc":{"start":{"line":25,"column":2},"end":{"line":27,"column":null}},"type":"if","locations":[{"start":{"line":25,"column":2},"end":{"line":27,"column":null}}]},"6":{"loc":{"start":{"line":29,"column":2},"end":{"line":31,"column":null}},"type":"if","locations":[{"start":{"line":29,"column":2},"end":{"line":31,"column":null}}]},"7":{"loc":{"start":{"line":32,"column":2},"end":{"line":34,"column":null}},"type":"if","locations":[{"start":{"line":32,"column":2},"end":{"line":34,"column":null}}]}},"s":{"0":1,"1":5,"2":5,"3":0,"4":5,"5":1,"6":4,"7":1,"8":1,"9":3,"10":0,"11":3,"12":3,"13":1,"14":2,"15":0,"16":2,"17":0,"18":2,"19":0,"20":2,"21":1},"f":{"0":5,"1":3},"b":{"0":[0],"1":[1],"2":[0],"3":[1],"4":[3,3,3],"5":[0],"6":[0],"7":[0]}}
,"C:\\Users\\willi\\Documents\\dev\\sandbox\\backend-js\\contact2\\repository\\prismaRepository.ts": {"path":"C:\\Users\\willi\\Documents\\dev\\sandbox\\backend-js\\contact2\\repository\\prismaRepository.ts","statementMap":{"0":{"start":{"line":1,"column":0},"end":{"line":1,"column":52}},"1":{"start":{"line":3,"column":15},"end":{"line":3,"column":33}},"2":{"start":{"line":5,"column":13},"end":{"line":102,"column":2}},"3":{"start":{"line":9,"column":17},"end":{"line":14,"column":6}},"4":{"start":{"line":15,"column":19},"end":{"line":20,"column":6}},"5":{"start":{"line":21,"column":19},"end":{"line":26,"column":6}},"6":{"start":{"line":28,"column":4},"end":{"line":43,"column":7}},"7":{"start":{"line":48,"column":4},"end":{"line":50,"column":7}},"8":{"start":{"line":54,"column":4},"end":{"line":57,"column":7}},"9":{"start":{"line":65,"column":4},"end":{"line":72,"column":7}},"10":{"start":{"line":79,"column":4},"end":{"line":87,"column":7}},"11":{"start":{"line":91,"column":4},"end":{"line":93,"column":7}},"12":{"start":{"line":97,"column":4},"end":{"line":97,"column":35}},"13":{"start":{"line":98,"column":4},"end":{"line":98,"column":36}},"14":{"start":{"line":99,"column":4},"end":{"line":99,"column":31}}},"fnMap":{"0":{"name":"(anonymous_7)","decl":{"start":{"line":7,"column":8},"end":{"line":7,"column":12}},"loc":{"start":{"line":7,"column":12},"end":{"line":44,"column":null}}},"1":{"name":"(anonymous_9)","decl":{"start":{"line":47,"column":8},"end":{"line":47,"column":22}},"loc":{"start":{"line":47,"column":22},"end":{"line":51,"column":null}}},"2":{"name":"(anonymous_11)","decl":{"start":{"line":53,"column":8},"end":{"line":53,"column":22}},"loc":{"start":{"line":53,"column":33},"end":{"line":58,"column":null}}},"3":{"name":"(anonymous_13)","decl":{"start":{"line":60,"column":8},"end":{"line":60,"column":21}},"loc":{"start":{"line":64,"column":3},"end":{"line":73,"column":null}}},"4":{"name":"(anonymous_15)","decl":{"start":{"line":75,"column":8},"end":{"line":75,"column":21}},"loc":{"start":{"line":77,"column":66},"end":{"line":88,"column":null}}},"5":{"name":"(anonymous_17)","decl":{"start":{"line":90,"column":8},"end":{"line":90,"column":21}},"loc":{"start":{"line":90,"column":32},"end":{"line":94,"column":null}}},"6":{"name":"(anonymous_19)","decl":{"start":{"line":96,"column":8},"end":{"line":96,"column":21}},"loc":{"start":{"line":96,"column":21},"end":{"line":100,"column":null}}}},"branchMap":{},"s":{"0":1,"1":1,"2":1,"3":1,"4":1,"5":1,"6":1,"7":1,"8":2,"9":1,"10":1,"11":1,"12":2,"13":2,"14":2},"f":{"0":1,"1":1,"2":2,"3":1,"4":1,"5":1,"6":2},"b":{}}
,"C:\\Users\\willi\\Documents\\dev\\sandbox\\backend-js\\contact2\\routes\\contactsRoutes.ts": {"path":"C:\\Users\\willi\\Documents\\dev\\sandbox\\backend-js\\contact2\\routes\\contactsRoutes.ts","statementMap":{"0":{"start":{"line":1,"column":0},"end":{"line":1,"column":52}},"1":{"start":{"line":2,"column":0},"end":{"line":2,"column":83}},"2":{"start":{"line":3,"column":0},"end":{"line":3,"column":65}},"3":{"start":{"line":5,"column":13},"end":{"line":5,"column":33}},"4":{"start":{"line":8,"column":0},"end":{"line":16,"column":3}},"5":{"start":{"line":8,"column":58},"end":{"line":16,"column":2}},"6":{"start":{"line":9,"column":2},"end":{"line":15,"column":null}},"7":{"start":{"line":10,"column":21},"end":{"line":10,"column":60}},"8":{"start":{"line":11,"column":4},"end":{"line":11,"column":null}},"9":{"start":{"line":13,"column":4},"end":{"line":13,"column":23}},"10":{"start":{"line":14,"column":4},"end":{"line":14,"column":51}},"11":{"start":{"line":19,"column":0},"end":{"line":27,"column":3}},"12":{"start":{"line":19,"column":61},"end":{"line":27,"column":2}},"13":{"start":{"line":20,"column":2},"end":{"line":26,"column":null}},"14":{"start":{"line":21,"column":21},"end":{"line":21,"column":60}},"15":{"start":{"line":22,"column":4},"end":{"line":22,"column":35}},"16":{"start":{"line":24,"column":4},"end":{"line":24,"column":23}},"17":{"start":{"line":25,"column":4},"end":{"line":25,"column":51}},"18":{"start":{"line":30,"column":0},"end":{"line":42,"column":3}},"19":{"start":{"line":30,"column":78},"end":{"line":42,"column":2}},"20":{"start":{"line":31,"column":2},"end":{"line":41,"column":null}},"21":{"start":{"line":32,"column":19},"end":{"line":32,"column":29}},"22":{"start":{"line":33,"column":20},"end":{"line":33,"column":71}},"23":{"start":{"line":34,"column":4},"end":{"line":36,"column":null}},"24":{"start":{"line":35,"column":6},"end":{"line":35,"column":55}},"25":{"start":{"line":37,"column":4},"end":{"line":37,"column":34}},"26":{"start":{"line":39,"column":4},"end":{"line":39,"column":25}},"27":{"start":{"line":40,"column":4},"end":{"line":40,"column":50}},"28":{"start":{"line":45,"column":0},"end":{"line":58,"column":3}},"29":{"start":{"line":45,"column":73},"end":{"line":58,"column":2}},"30":{"start":{"line":46,"column":2},"end":{"line":57,"column":null}},"31":{"start":{"line":47,"column":45},"end":{"line":47,"column":53}},"32":{"start":{"line":48,"column":23},"end":{"line":52,"column":6}},"33":{"start":{"line":53,"column":4},"end":{"line":53,"column":37}},"34":{"start":{"line":55,"column":4},"end":{"line":55,"column":25}},"35":{"start":{"line":56,"column":4},"end":{"line":56,"column":55}},"36":{"start":{"line":61,"column":0},"end":{"line":76,"column":3}},"37":{"start":{"line":61,"column":92},"end":{"line":76,"column":2}},"38":{"start":{"line":62,"column":2},"end":{"line":75,"column":null}},"39":{"start":{"line":63,"column":45},"end":{"line":63,"column":53}},"40":{"start":{"line":64,"column":22},"end":{"line":64,"column":45}},"41":{"start":{"line":66,"column":27},"end":{"line":70,"column":6}},"42":{"start":{"line":71,"column":4},"end":{"line":71,"column":41}},"43":{"start":{"line":73,"column":4},"end":{"line":73,"column":25}},"44":{"start":{"line":74,"column":4},"end":{"line":74,"column":51}},"45":{"start":{"line":79,"column":0},"end":{"line":88,"column":3}},"46":{"start":{"line":79,"column":81},"end":{"line":88,"column":2}},"47":{"start":{"line":80,"column":2},"end":{"line":87,"column":null}},"48":{"start":{"line":81,"column":22},"end":{"line":81,"column":45}},"49":{"start":{"line":82,"column":4},"end":{"line":82,"column":52}},"50":{"start":{"line":83,"column":4},"end":{"line":83,"column":78}},"51":{"start":{"line":85,"column":4},"end":{"line":85,"column":25}},"52":{"start":{"line":86,"column":4},"end":{"line":86,"column":51}}},"fnMap":{"0":{"name":"(anonymous_7)","decl":{"start":{"line":8,"column":18},"end":{"line":8,"column":25}},"loc":{"start":{"line":8,"column":58},"end":{"line":16,"column":2}}},"1":{"name":"(anonymous_8)","decl":{"start":{"line":8,"column":58},"end":{"line":8,"column":null}},"loc":{"start":{"line":8,"column":58},"end":{"line":16,"column":1}}},"2":{"name":"(anonymous_9)","decl":{"start":{"line":19,"column":21},"end":{"line":19,"column":28}},"loc":{"start":{"line":19,"column":61},"end":{"line":27,"column":2}}},"3":{"name":"(anonymous_10)","decl":{"start":{"line":19,"column":61},"end":{"line":19,"column":null}},"loc":{"start":{"line":19,"column":61},"end":{"line":27,"column":1}}},"4":{"name":"(anonymous_11)","decl":{"start":{"line":30,"column":38},"end":{"line":30,"column":45}},"loc":{"start":{"line":30,"column":78},"end":{"line":42,"column":2}}},"5":{"name":"(anonymous_12)","decl":{"start":{"line":30,"column":78},"end":{"line":30,"column":null}},"loc":{"start":{"line":30,"column":78},"end":{"line":42,"column":1}}},"6":{"name":"(anonymous_13)","decl":{"start":{"line":45,"column":33},"end":{"line":45,"column":40}},"loc":{"start":{"line":45,"column":73},"end":{"line":58,"column":2}}},"7":{"name":"(anonymous_14)","decl":{"start":{"line":45,"column":73},"end":{"line":45,"column":null}},"loc":{"start":{"line":45,"column":73},"end":{"line":58,"column":1}}},"8":{"name":"(anonymous_15)","decl":{"start":{"line":61,"column":52},"end":{"line":61,"column":59}},"loc":{"start":{"line":61,"column":92},"end":{"line":76,"column":2}}},"9":{"name":"(anonymous_16)","decl":{"start":{"line":61,"column":92},"end":{"line":61,"column":null}},"loc":{"start":{"line":61,"column":92},"end":{"line":76,"column":1}}},"10":{"name":"(anonymous_17)","decl":{"start":{"line":79,"column":41},"end":{"line":79,"column":48}},"loc":{"start":{"line":79,"column":81},"end":{"line":88,"column":2}}},"11":{"name":"(anonymous_18)","decl":{"start":{"line":79,"column":81},"end":{"line":79,"column":null}},"loc":{"start":{"line":79,"column":81},"end":{"line":88,"column":1}}}},"branchMap":{"0":{"loc":{"start":{"line":34,"column":4},"end":{"line":36,"column":null}},"type":"if","locations":[{"start":{"line":34,"column":4},"end":{"line":36,"column":null}}]}},"s":{"0":1,"1":1,"2":1,"3":1,"4":1,"5":0,"6":0,"7":0,"8":0,"9":0,"10":0,"11":1,"12":1,"13":1,"14":1,"15":1,"16":0,"17":0,"18":1,"19":2,"20":2,"21":2,"22":2,"23":2,"24":1,"25":1,"26":0,"27":0,"28":1,"29":1,"30":1,"31":1,"32":1,"33":1,"34":0,"35":0,"36":1,"37":1,"38":1,"39":1,"40":1,"41":1,"42":1,"43":0,"44":0,"45":1,"46":1,"47":1,"48":1,"49":1,"50":1,"51":0,"52":0},"f":{"0":0,"1":0,"2":1,"3":1,"4":2,"5":2,"6":1,"7":1,"8":1,"9":1,"10":1,"11":1},"b":{"0":[1]}}
,"C:\\Users\\willi\\Documents\\dev\\sandbox\\backend-js\\contact2\\services\\contactsServices.ts": {"path":"C:\\Users\\willi\\Documents\\dev\\sandbox\\backend-js\\contact2\\services\\contactsServices.ts","statementMap":{"0":{"start":{"line":2,"column":0},"end":{"line":2,"column":66}},"1":{"start":{"line":4,"column":30},"end":{"line":6,"column":2}},"2":{"start":{"line":4,"column":61},"end":{"line":6,"column":2}},"3":{"start":{"line":5,"column":2},"end":{"line":5,"column":49}},"4":{"start":{"line":4,"column":13},"end":{"line":4,"column":30}},"5":{"start":{"line":8,"column":30},"end":{"line":10,"column":2}},"6":{"start":{"line":8,"column":76},"end":{"line":10,"column":2}},"7":{"start":{"line":9,"column":2},"end":{"line":9,"column":51}},"8":{"start":{"line":8,"column":13},"end":{"line":8,"column":30}},"9":{"start":{"line":12,"column":29},"end":{"line":16,"column":2}},"10":{"start":{"line":12,"column":90},"end":{"line":16,"column":2}},"11":{"start":{"line":13,"column":2},"end":{"line":15,"column":5}},"12":{"start":{"line":12,"column":13},"end":{"line":12,"column":29}},"13":{"start":{"line":18,"column":29},"end":{"line":22,"column":3}},"14":{"start":{"line":18,"column":109},"end":{"line":22,"column":3}},"15":{"start":{"line":19,"column":2},"end":{"line":22,"column":2}},"16":{"start":{"line":18,"column":13},"end":{"line":18,"column":29}},"17":{"start":{"line":24,"column":29},"end":{"line":27,"column":2}},"18":{"start":{"line":24,"column":68},"end":{"line":27,"column":2}},"19":{"start":{"line":25,"column":2},"end":{"line":25,"column":43}},"20":{"start":{"line":26,"column":2},"end":{"line":26,"column":14}},"21":{"start":{"line":24,"column":13},"end":{"line":24,"column":29}}},"fnMap":{"0":{"name":"(anonymous_7)","decl":{"start":{"line":4,"column":30},"end":{"line":4,"column":59}},"loc":{"start":{"line":4,"column":61},"end":{"line":6,"column":2}}},"1":{"name":"(anonymous_8)","decl":{"start":{"line":4,"column":61},"end":{"line":4,"column":null}},"loc":{"start":{"line":4,"column":61},"end":{"line":6,"column":1}}},"2":{"name":"(anonymous_9)","decl":{"start":{"line":8,"column":30},"end":{"line":8,"column":37}},"loc":{"start":{"line":8,"column":76},"end":{"line":10,"column":2}}},"3":{"name":"(anonymous_10)","decl":{"start":{"line":8,"column":76},"end":{"line":8,"column":null}},"loc":{"start":{"line":8,"column":76},"end":{"line":10,"column":1}}},"4":{"name":"(anonymous_11)","decl":{"start":{"line":12,"column":29},"end":{"line":12,"column":36}},"loc":{"start":{"line":12,"column":90},"end":{"line":16,"column":2}}},"5":{"name":"(anonymous_12)","decl":{"start":{"line":12,"column":90},"end":{"line":12,"column":null}},"loc":{"start":{"line":12,"column":90},"end":{"line":16,"column":1}}},"6":{"name":"(anonymous_13)","decl":{"start":{"line":18,"column":29},"end":{"line":18,"column":36}},"loc":{"start":{"line":18,"column":109},"end":{"line":22,"column":3}}},"7":{"name":"(anonymous_14)","decl":{"start":{"line":18,"column":109},"end":{"line":18,"column":null}},"loc":{"start":{"line":18,"column":109},"end":{"line":22,"column":2}}},"8":{"name":"(anonymous_15)","decl":{"start":{"line":24,"column":29},"end":{"line":24,"column":36}},"loc":{"start":{"line":24,"column":68},"end":{"line":27,"column":2}}},"9":{"name":"(anonymous_16)","decl":{"start":{"line":24,"column":68},"end":{"line":24,"column":null}},"loc":{"start":{"line":24,"column":68},"end":{"line":27,"column":1}}}},"branchMap":{},"s":{"0":1,"1":1,"2":1,"3":1,"4":1,"5":1,"6":2,"7":2,"8":1,"9":1,"10":1,"11":1,"12":1,"13":1,"14":1,"15":1,"16":1,"17":1,"18":1,"19":1,"20":1,"21":1},"f":{"0":1,"1":1,"2":2,"3":2,"4":1,"5":1,"6":1,"7":1,"8":1,"9":1},"b":{}}
}
