TN:
SF:app.ts
FN:11,(anonymous_8)
FN:11,(anonymous_9)
FNF:2
FNH:2
FNDA:2,(anonymous_8)
FNDA:2,(anonymous_9)
DA:1,1
DA:2,1
DA:4,1
DA:6,1
DA:7,1
DA:9,1
DA:11,2
DA:12,2
DA:15,1
LF:9
LH:9
BRF:0
BRH:0
end_of_record
TN:
SF:server.ts
FN:13,(anonymous_0)
FNF:1
FNH:1
FNDA:1,(anonymous_0)
DA:1,1
DA:3,1
DA:4,1
DA:5,0
DA:7,1
DA:8,1
DA:9,1
DA:10,0
DA:13,1
DA:14,1
DA:17,1
LF:11
LH:9
BRDA:4,0,0,0
BRDA:9,1,0,0
BRF:2
BRH:0
end_of_record
TN:
SF:middlewares\contactsMiddlewares.ts
FN:3,(anonymous_0)
FN:14,(anonymous_1)
FNF:2
FNH:2
FNDA:5,(anonymous_0)
FNDA:3,(anonymous_1)
DA:3,1
DA:4,5
DA:5,5
DA:6,0
DA:8,5
DA:9,1
DA:11,4
DA:14,1
DA:16,3
DA:17,0
DA:20,3
DA:21,3
DA:22,1
DA:25,2
DA:26,0
DA:29,2
DA:30,0
DA:32,2
DA:33,0
DA:35,2
LF:20
LH:15
BRDA:5,0,0,0
BRDA:8,1,0,1
BRDA:16,2,0,0
BRDA:21,3,0,1
BRDA:21,4,0,3
BRDA:21,4,1,3
BRDA:21,4,2,3
BRDA:25,5,0,0
BRDA:29,6,0,0
BRDA:32,7,0,0
BRF:10
BRH:5
end_of_record
TN:
SF:repository\prismaRepository.ts
FN:7,(anonymous_7)
FN:47,(anonymous_9)
FN:53,(anonymous_11)
FN:60,(anonymous_13)
FN:75,(anonymous_15)
FN:90,(anonymous_17)
FN:96,(anonymous_19)
FNF:7
FNH:7
FNDA:1,(anonymous_7)
FNDA:1,(anonymous_9)
FNDA:2,(anonymous_11)
FNDA:1,(anonymous_13)
FNDA:1,(anonymous_15)
FNDA:1,(anonymous_17)
FNDA:2,(anonymous_19)
DA:1,1
DA:3,1
DA:5,1
DA:9,1
DA:15,1
DA:21,1
DA:28,1
DA:48,1
DA:54,2
DA:65,1
DA:79,1
DA:91,1
DA:97,2
DA:98,2
DA:99,2
LF:15
LH:15
BRF:0
BRH:0
end_of_record
TN:
SF:routes\contactsRoutes.ts
FN:8,(anonymous_7)
FN:8,(anonymous_8)
FN:19,(anonymous_9)
FN:19,(anonymous_10)
FN:30,(anonymous_11)
FN:30,(anonymous_12)
FN:45,(anonymous_13)
FN:45,(anonymous_14)
FN:61,(anonymous_15)
FN:61,(anonymous_16)
FN:79,(anonymous_17)
FN:79,(anonymous_18)
FNF:12
FNH:10
FNDA:0,(anonymous_7)
FNDA:0,(anonymous_8)
FNDA:1,(anonymous_9)
FNDA:1,(anonymous_10)
FNDA:2,(anonymous_11)
FNDA:2,(anonymous_12)
FNDA:1,(anonymous_13)
FNDA:1,(anonymous_14)
FNDA:1,(anonymous_15)
FNDA:1,(anonymous_16)
FNDA:1,(anonymous_17)
FNDA:1,(anonymous_18)
DA:1,1
DA:2,1
DA:3,1
DA:5,1
DA:8,1
DA:9,0
DA:10,0
DA:11,0
DA:13,0
DA:14,0
DA:19,1
DA:20,1
DA:21,1
DA:22,1
DA:24,0
DA:25,0
DA:30,2
DA:31,2
DA:32,2
DA:33,2
DA:34,2
DA:35,1
DA:37,1
DA:39,0
DA:40,0
DA:45,1
DA:46,1
DA:47,1
DA:48,1
DA:53,1
DA:55,0
DA:56,0
DA:61,1
DA:62,1
DA:63,1
DA:64,1
DA:66,1
DA:71,1
DA:73,0
DA:74,0
DA:79,1
DA:80,1
DA:81,1
DA:82,1
DA:83,1
DA:85,0
DA:86,0
LF:47
LH:32
BRDA:34,0,0,1
BRF:1
BRH:1
end_of_record
TN:
SF:services\contactsServices.ts
FN:4,(anonymous_7)
FN:4,(anonymous_8)
FN:8,(anonymous_9)
FN:8,(anonymous_10)
FN:12,(anonymous_11)
FN:12,(anonymous_12)
FN:18,(anonymous_13)
FN:18,(anonymous_14)
FN:24,(anonymous_15)
FN:24,(anonymous_16)
FNF:10
FNH:10
FNDA:1,(anonymous_7)
FNDA:1,(anonymous_8)
FNDA:2,(anonymous_9)
FNDA:2,(anonymous_10)
FNDA:1,(anonymous_11)
FNDA:1,(anonymous_12)
FNDA:1,(anonymous_13)
FNDA:1,(anonymous_14)
FNDA:1,(anonymous_15)
FNDA:1,(anonymous_16)
DA:2,1
DA:4,1
DA:5,1
DA:8,2
DA:9,2
DA:12,1
DA:13,1
DA:18,1
DA:19,1
DA:24,1
DA:25,1
DA:26,1
LF:12
LH:12
BRF:0
BRH:0
end_of_record
